开始获取资源，计划转存 10 个...
本地缓存不存在或已过期，从在线API获取数据...
数据已保存到本地缓存
已随机打乱资源列表
获取到 10 个资源
目标目录：下载
正在处理第 1 个资源: 短剧-酱牛肉风波（25集）Ai短剧
转存成功，正在创建分享链接...
分享成功：短剧-酱牛肉风波（25集）Ai短剧 -> https://pan.baidu.com/s/1gpoxd2iO-Gx-7b8y7jibdw?pwd=SrIV
正在处理第 2 个资源: 短剧：覆雪长歌（52集）
转存成功，正在创建分享链接...
分享成功：短剧：覆雪长歌（52集） -> https://pan.baidu.com/s/1zt6aOi0C6xvDG9b1vGDMRA?pwd=ZhWf
正在处理第 3 个资源: 亲爱的客栈2026
转存成功，正在创建分享链接...
分享成功：亲爱的客栈2026 -> https://pan.baidu.com/s/1l2q4AzG4J6hcqM9OpqcB1w?pwd=LRGN
正在处理第 4 个资源: 电影：匪徒之吻 [2024]
转存成功，正在创建分享链接...
分享成功：电影：匪徒之吻 [2024] -> https://pan.baidu.com/s/1tPQHromv8PdPLp2GcnFqnQ?pwd=7RMP
正在处理第 5 个资源: 短剧-离婚后，我靠摆摊成首富（80集）黄谋&星玥&刘郦娇
转存成功，正在创建分享链接...
分享成功：短剧-离婚后，我靠摆摊成首富（80集）黄谋&星玥&刘郦娇 -> https://pan.baidu.com/s/1nI-z94LNPJBBLWICl8l9UQ?pwd=zQjn
正在处理第 6 个资源: 苦尽柑来遇见你 (2025) 4K HDR 全集 内封简繁字幕
转存成功，正在创建分享链接...
分享成功：苦尽柑来遇见你 (2025) 4K HDR 全集 内封简繁字幕 -> https://pan.baidu.com/s/12Uo0jiZV9NZt9xkT5XLaPw?pwd=8cWA
正在处理第 7 个资源: 短剧：神雕续记侠骨传薪（第一季）（10集）Ai短剧
转存成功，正在创建分享链接...
分享成功：短剧：神雕续记侠骨传薪（第一季）（10集）Ai短剧 -> https://pan.baidu.com/s/1IRg_9rSTL5NNCcpbbsZ1lg?pwd=p9pA
正在处理第 8 个资源: 世界的主人/世界的珠仁(2026)【WEB-DL.1080p】【外挂简中字幕】【徐粹彬/张慧珍】
转存成功，正在创建分享链接...
分享成功：世界的主人/世界的珠仁(2026)【WEB-DL.1080p】【外挂简中字幕】【徐粹彬/张慧珍】 -> https://pan.baidu.com/s/16pWWxzh3jBLwyFYC-kydvw?pwd=1puM
正在处理第 9 个资源: 短剧：太子殿下，我说了算（56集）
转存成功，正在创建分享链接...
分享成功：短剧：太子殿下，我说了算（56集） -> https://pan.baidu.com/s/13-VXBogQilUaYr99qRlnGA?pwd=XaLW
正在处理第 10 个资源: 短剧-翻手覆云换乾坤（80集）储子竣&孙千予
转存成功，正在创建分享链接...
分享成功：短剧-翻手覆云换乾坤（80集）储子竣&孙千予 -> https://pan.baidu.com/s/1yk_PxaG74ZOqH0AyWTU3Qw?pwd=fCFc

=== 转存分享结果 ===
资源名: 短剧-酱牛肉风波（25集）Ai短剧
分享链接: https://pan.baidu.com/s/1gpoxd2iO-Gx-7b8y7jibdw?pwd=SrIV
---
资源名: 短剧：覆雪长歌（52集）
分享链接: https://pan.baidu.com/s/1zt6aOi0C6xvDG9b1vGDMRA?pwd=ZhWf
---
资源名: 亲爱的客栈2026
分享链接: https://pan.baidu.com/s/1l2q4AzG4J6hcqM9OpqcB1w?pwd=LRGN
---
资源名: 电影：匪徒之吻 [2024]
分享链接: https://pan.baidu.com/s/1tPQHromv8PdPLp2GcnFqnQ?pwd=7RMP
---
资源名: 短剧-离婚后，我靠摆摊成首富（80集）黄谋&星玥&刘郦娇
分享链接: https://pan.baidu.com/s/1nI-z94LNPJBBLWICl8l9UQ?pwd=zQjn
---
资源名: 苦尽柑来遇见你 (2025) 4K HDR 全集 内封简繁字幕
分享链接: https://pan.baidu.com/s/12Uo0jiZV9NZt9xkT5XLaPw?pwd=8cWA
---
资源名: 短剧：神雕续记侠骨传薪（第一季）（10集）Ai短剧
分享链接: https://pan.baidu.com/s/1IRg_9rSTL5NNCcpbbsZ1lg?pwd=p9pA
---
资源名: 世界的主人/世界的珠仁(2026)【WEB-DL.1080p】【外挂简中字幕】【徐粹彬/张慧珍】
分享链接: https://pan.baidu.com/s/16pWWxzh3jBLwyFYC-kydvw?pwd=1puM
---
资源名: 短剧：太子殿下，我说了算（56集）
分享链接: https://pan.baidu.com/s/13-VXBogQilUaYr99qRlnGA?pwd=XaLW
---
资源名: 短剧-翻手覆云换乾坤（80集）储子竣&孙千予
分享链接: https://pan.baidu.com/s/1yk_PxaG74ZOqH0AyWTU3Qw?pwd=fCFc
---

正在推送到webhook...
推送成功！

完成！成功处理 10 个资源
开始获取资源，计划转存 10 个...
使用本地缓存（缓存时间：2026-05-16 02:00:07）
已随机打乱资源列表
获取到 10 个资源
目标目录：下载
正在处理第 1 个资源: 21世纪大君夫人 (2026)Disney+ 1080p 内封官中 S01E01-E11简介：欢迎来到21世纪的韩国，一个传统与现代交织的君主立宪制国家。在光鲜亮丽的外表下，隐藏着壁垒分明的社会...分享：沙雕网友大小：
转存成功，正在创建分享链接...
分享成功：21世纪大君夫人 (2026)Disney+ 1080p 内封官中 S01E01-E11简介：欢迎来到21世纪的韩国，一个传统与现代交织的君主立宪制国家。在光鲜亮丽的外表下，隐藏着壁垒分明的社会...分享：沙雕网友大小： -> https://pan.baidu.com/s/1qVeZah_wY-PhC0ReqGDyxA?pwd=GUue
正在处理第 2 个资源: Lady Gaga - Apple Music Live MAYHEM Requiem (2026) FLAC 24bit 48kHz描述：Lady Gaga《MAYHEM Requiem》是2026年Apple Music Live专属现场特辑，收录洛杉矶The Wiltern剧院私密演出实录，以安魂式演绎为《MAYHEM》时代收官。专辑重构原曲编曲，融合哥特氛围、工业电子与合成流行质感，收录21首曲目，含《Disease》《Abracadabra》《Die With A Smile》等代表作，兼具叙事性与艺术张力，是Gaga暗黑美学与舞台表现力的极致呈现。
转存成功，正在创建分享链接...
分享成功：Lady Gaga - Apple Music Live MAYHEM Requiem (2026) FLAC 24bit 48kHz描述：Lady Gaga《MAYHEM Requiem》是2026年Apple Music Live专属现场特辑，收录洛杉矶The Wiltern剧院私密演出实录，以安魂式演绎为《MAYHEM》时代收官。专辑重构原曲编曲，融合哥特氛围、工业电子与合成流行质感，收录21首曲目，含《Disease》《Abracadabra》《Die With A Smile》等代表作，兼具叙事性与艺术张力，是Gaga暗黑美学与舞台表现力的极致呈现。 -> https://pan.baidu.com/s/1tao6C-dGTuasmv4KmNvqzQ?pwd=jRzW
正在处理第 3 个资源: 短剧：我来京城退亲的（30集）
转存成功，正在创建分享链接...
分享成功：短剧：我来京城退亲的（30集） -> https://pan.baidu.com/s/1Rt_60F1Rzh4yvuhQ3gRduQ?pwd=Wo93
正在处理第 4 个资源: 🗄 雨霖铃（2026）4K 10bit 60FPS 更至EP08
转存成功，正在创建分享链接...
分享成功：🗄 雨霖铃（2026）4K 10bit 60FPS 更至EP08 -> https://pan.baidu.com/s/1fnCZZnJeKXvTLWy79z0_4A?pwd=rUJp
正在处理第 5 个资源: 幽镇异校 (2025) 1080P 全集 内封简繁字幕
转存成功，正在创建分享链接...
分享成功：幽镇异校 (2025) 1080P 全集 内封简繁字幕 -> https://pan.baidu.com/s/1uVi7C-JIABUPMY6a6uOYSQ?pwd=Dkdl
正在处理第 6 个资源: 雾尾粉丝俱乐部 霧尾ファンクラブ (2026) [1080P] [内封简繁] [更至7集]描述：女高中生三好蓝美一心推着平凡不起眼、不知道在想什么的同班同学雾尾君。在看不见雾尾君的脸的演出中，蓝美和既是朋友又是情敌的染谷波说“怎么办？如果雾尾君放屁的声音很响的话”、“啊？太高兴了吧”这样的对话，描绘了因他的事一喜一忧的样子。
转存成功，正在创建分享链接...
分享成功：雾尾粉丝俱乐部 霧尾ファンクラブ (2026) [1080P] [内封简繁] [更至7集]描述：女高中生三好蓝美一心推着平凡不起眼、不知道在想什么的同班同学雾尾君。在看不见雾尾君的脸的演出中，蓝美和既是朋友又是情敌的染谷波说“怎么办？如果雾尾君放屁的声音很响的话”、“啊？太高兴了吧”这样的对话，描绘了因他的事一喜一忧的样子。 -> https://pan.baidu.com/s/10wFuDRtTsRhQLjDugif5zw?pwd=EXU1
正在处理第 7 个资源: 一人之下 第六季（2026）4K 10bit 立体环绕声 更至EP21
转存成功，正在创建分享链接...
分享成功：一人之下 第六季（2026）4K 10bit 立体环绕声 更至EP21 -> https://pan.baidu.com/s/1ZqIYLsfbcZ0V4aJcRALurA?pwd=M3Hj
正在处理第 8 个资源: 爱情抓马(2026)【4K.DV.HDR】【高码率】【内封简繁英双语字幕】【喜剧/爱情】
转存成功，正在创建分享链接...
分享成功：爱情抓马(2026)【4K.DV.HDR】【高码率】【内封简繁英双语字幕】【喜剧/爱情】 -> https://pan.baidu.com/s/1LaA03kziyclhFEEf4J8VOg?pwd=KIeY
正在处理第 9 个资源: 怦然心动20岁：冬季 更新至5.14期
转存成功，正在创建分享链接...
分享成功：怦然心动20岁：冬季 更新至5.14期 -> https://pan.baidu.com/s/1IqX1bY0KQN4oGZmfZlJk9g?pwd=EjVc
正在处理第 10 个资源: 短剧：开局移植妖魔心脏：成为绝世凶物（83集）Ai短剧
转存成功，正在创建分享链接...
分享成功：短剧：开局移植妖魔心脏：成为绝世凶物（83集）Ai短剧 -> https://pan.baidu.com/s/1_DCo8I6m39imRjMLouMA2Q?pwd=ngcR

=== 转存分享结果 ===
资源名: 21世纪大君夫人 (2026)Disney+ 1080p 内封官中 S01E01-E11简介：欢迎来到21世纪的韩国，一个传统与现代交织的君主立宪制国家。在光鲜亮丽的外表下，隐藏着壁垒分明的社会...分享：沙雕网友大小：
分享链接: https://pan.baidu.com/s/1qVeZah_wY-PhC0ReqGDyxA?pwd=GUue
---
资源名: Lady Gaga - Apple Music Live MAYHEM Requiem (2026) FLAC 24bit 48kHz描述：Lady Gaga《MAYHEM Requiem》是2026年Apple Music Live专属现场特辑，收录洛杉矶The Wiltern剧院私密演出实录，以安魂式演绎为《MAYHEM》时代收官。专辑重构原曲编曲，融合哥特氛围、工业电子与合成流行质感，收录21首曲目，含《Disease》《Abracadabra》《Die With A Smile》等代表作，兼具叙事性与艺术张力，是Gaga暗黑美学与舞台表现力的极致呈现。
分享链接: https://pan.baidu.com/s/1tao6C-dGTuasmv4KmNvqzQ?pwd=jRzW
---
资源名: 短剧：我来京城退亲的（30集）
分享链接: https://pan.baidu.com/s/1Rt_60F1Rzh4yvuhQ3gRduQ?pwd=Wo93
---
资源名: 🗄 雨霖铃（2026）4K 10bit 60FPS 更至EP08
分享链接: https://pan.baidu.com/s/1fnCZZnJeKXvTLWy79z0_4A?pwd=rUJp
---
资源名: 幽镇异校 (2025) 1080P 全集 内封简繁字幕
分享链接: https://pan.baidu.com/s/1uVi7C-JIABUPMY6a6uOYSQ?pwd=Dkdl
---
资源名: 雾尾粉丝俱乐部 霧尾ファンクラブ (2026) [1080P] [内封简繁] [更至7集]描述：女高中生三好蓝美一心推着平凡不起眼、不知道在想什么的同班同学雾尾君。在看不见雾尾君的脸的演出中，蓝美和既是朋友又是情敌的染谷波说“怎么办？如果雾尾君放屁的声音很响的话”、“啊？太高兴了吧”这样的对话，描绘了因他的事一喜一忧的样子。
分享链接: https://pan.baidu.com/s/10wFuDRtTsRhQLjDugif5zw?pwd=EXU1
---
资源名: 一人之下 第六季（2026）4K 10bit 立体环绕声 更至EP21
分享链接: https://pan.baidu.com/s/1ZqIYLsfbcZ0V4aJcRALurA?pwd=M3Hj
---
资源名: 爱情抓马(2026)【4K.DV.HDR】【高码率】【内封简繁英双语字幕】【喜剧/爱情】
分享链接: https://pan.baidu.com/s/1LaA03kziyclhFEEf4J8VOg?pwd=KIeY
---
资源名: 怦然心动20岁：冬季 更新至5.14期
分享链接: https://pan.baidu.com/s/1IqX1bY0KQN4oGZmfZlJk9g?pwd=EjVc
---
资源名: 短剧：开局移植妖魔心脏：成为绝世凶物（83集）Ai短剧
分享链接: https://pan.baidu.com/s/1_DCo8I6m39imRjMLouMA2Q?pwd=ngcR
---

正在推送到webhook...
推送成功！

完成！成功处理 10 个资源
